<?xml version="1.0" encoding="UTF-8"?>
<TestRun id="a0f3bd37-b1e4-4442-a67d-0976a3b58d9d" name="sc@ROSSARIN-PC 2012-10-25 12:29:31" runUser="ROSSARIN-PC\sc" xmlns="http://microsoft.com/schemas/VisualStudio/TeamTest/2010">
  <TestSettings name="Local" id="0572f25f-c57e-4c6e-9754-c1f826eec439">
    <Description>These are default test settings for a local test run.</Description>
    <Deployment enabled="false" runDeploymentRoot="sc_ROSSARIN-PC 2012-10-25 12_29_31">
      <DeploymentItem filename="C:\Users\sc\Desktop\ZZZFixed\ZicZacZappp\ZicZacZappp\bin\Debug\ZicZacZappp.exe" />
    </Deployment>
    <Execution>
      <TestTypeSpecific />
      <AgentRule name="Execution Agents">
      </AgentRule>
    </Execution>
  </TestSettings>
  <Times creation="2012-10-25T12:29:31.7629822+07:00" queuing="2012-10-25T12:29:35.3121852+07:00" start="2012-10-25T12:29:35.3701885+07:00" finish="2012-10-25T12:29:38.8153856+07:00" />
  <ResultSummary outcome="Completed">
    <Counters total="1" executed="1" passed="1" error="0" failed="0" timeout="0" aborted="0" inconclusive="0" passedButRunAborted="0" notRunnable="0" notExecuted="0" disconnected="0" warning="0" completed="0" inProgress="0" pending="0" />
  </ResultSummary>
  <TestDefinitions>
    <UnitTest name="CheckForWinTest" storage="c:\users\sc\desktop\zzzfixed\ziczaczappp\test\bin\debug\test.dll" id="a6467646-aa55-3ef1-3477-38adacaf9229">
      <Execution id="55be248e-0299-4734-9bcb-c8f8d84e48d4" />
      <TestMethod codeBase="C:/Users/sc/Desktop/ZZZFixed/ZicZacZappp/Test/bin/Debug/Test.DLL" adapterTypeName="Microsoft.VisualStudio.TestTools.TestTypes.Unit.UnitTestAdapter, Microsoft.VisualStudio.QualityTools.Tips.UnitTest.Adapter, Version=10.0.0.0, Culture=neutral, PublicKeyToken=b03f5f7f11d50a3a" className="Test.BettleTest, Test, Version=1.0.0.0, Culture=neutral, PublicKeyToken=null" name="CheckForWinTest" />
    </UnitTest>
  </TestDefinitions>
  <TestLists>
    <TestList name="Results Not in a List" id="8c84fa94-04c1-424b-9868-57a2d4851a1d" />
    <TestList name="All Loaded Results" id="19431567-8539-422a-85d7-44ee4e166bda" />
  </TestLists>
  <TestEntries>
    <TestEntry testId="a6467646-aa55-3ef1-3477-38adacaf9229" executionId="55be248e-0299-4734-9bcb-c8f8d84e48d4" testListId="8c84fa94-04c1-424b-9868-57a2d4851a1d" />
  </TestEntries>
  <Results>
    <UnitTestResult executionId="55be248e-0299-4734-9bcb-c8f8d84e48d4" testId="a6467646-aa55-3ef1-3477-38adacaf9229" testName="CheckForWinTest" computerName="ROSSARIN-PC" duration="00:00:02.8653160" startTime="2012-10-25T12:29:35.3961900+07:00" endTime="2012-10-25T12:29:38.6383754+07:00" testType="13cdc9d9-ddb5-4fa4-a97d-d965ccfc6d4b" outcome="Passed" testListId="8c84fa94-04c1-424b-9868-57a2d4851a1d" relativeResultsDirectory="55be248e-0299-4734-9bcb-c8f8d84e48d4">
    </UnitTestResult>
  </Results>
</TestRun>