<?xml version="1.0" encoding="UTF-8"?>
<TestRun id="a94ca70c-71a8-474b-9520-11f4fbffe91d" name="sc@ROSSARIN-PC 2012-10-25 12:36:13" runUser="ROSSARIN-PC\sc" xmlns="http://microsoft.com/schemas/VisualStudio/TeamTest/2010">
  <TestSettings name="Local" id="0572f25f-c57e-4c6e-9754-c1f826eec439">
    <Description>These are default test settings for a local test run.</Description>
    <Deployment enabled="false" runDeploymentRoot="sc_ROSSARIN-PC 2012-10-25 12_36_13">
      <DeploymentItem filename="C:\Users\sc\Desktop\ZZZFixed\ZicZacZappp\ZicZacZappp\bin\Debug\ZicZacZappp.exe" />
    </Deployment>
    <Execution>
      <TestTypeSpecific />
      <AgentRule name="Execution Agents">
      </AgentRule>
    </Execution>
  </TestSettings>
  <Times creation="2012-10-25T12:36:13.9079836+07:00" queuing="2012-10-25T12:36:15.2160584+07:00" start="2012-10-25T12:36:15.2420599+07:00" finish="2012-10-25T12:36:15.8220930+07:00" />
  <ResultSummary outcome="Failed">
    <Counters total="1" executed="1" error="0" failed="1" timeout="0" aborted="0" inconclusive="0" passedButRunAborted="0" notRunnable="0" notExecuted="0" disconnected="0" warning="0" passed="0" completed="0" inProgress="0" pending="0" />
  </ResultSummary>
  <TestDefinitions>
    <UnitTest name="testTest" storage="c:\users\sc\desktop\zzzfixed\ziczaczappp\test\bin\debug\test.dll" id="85ec7957-5beb-c2be-5132-a9ea1ee9a12a">
      <Execution id="0b93ddbb-8d23-46c4-a377-32726a3172b7" />
      <TestMethod codeBase="C:/Users/sc/Desktop/ZZZFixed/ZicZacZappp/Test/bin/Debug/Test.DLL" adapterTypeName="Microsoft.VisualStudio.TestTools.TestTypes.Unit.UnitTestAdapter, Microsoft.VisualStudio.QualityTools.Tips.UnitTest.Adapter, Version=10.0.0.0, Culture=neutral, PublicKeyToken=b03f5f7f11d50a3a" className="Test.BettleTest, Test, Version=1.0.0.0, Culture=neutral, PublicKeyToken=null" name="testTest" />
    </UnitTest>
  </TestDefinitions>
  <TestLists>
    <TestList name="Results Not in a List" id="8c84fa94-04c1-424b-9868-57a2d4851a1d" />
    <TestList name="All Loaded Results" id="19431567-8539-422a-85d7-44ee4e166bda" />
  </TestLists>
  <TestEntries>
    <TestEntry testId="85ec7957-5beb-c2be-5132-a9ea1ee9a12a" executionId="0b93ddbb-8d23-46c4-a377-32726a3172b7" testListId="8c84fa94-04c1-424b-9868-57a2d4851a1d" />
  </TestEntries>
  <Results>
    <UnitTestResult executionId="0b93ddbb-8d23-46c4-a377-32726a3172b7" testId="85ec7957-5beb-c2be-5132-a9ea1ee9a12a" testName="testTest" computerName="ROSSARIN-PC" duration="00:00:00.0859799" startTime="2012-10-25T12:36:15.2660612+07:00" endTime="2012-10-25T12:36:15.7890912+07:00" testType="13cdc9d9-ddb5-4fa4-a97d-d965ccfc6d4b" outcome="Failed" testListId="8c84fa94-04c1-424b-9868-57a2d4851a1d" relativeResultsDirectory="0b93ddbb-8d23-46c4-a377-32726a3172b7">
      <Output>
        <ErrorInfo>
          <Message>Assert.AreEqual failed. Expected:&lt;1&gt;. Actual:&lt;2&gt;. </Message>
          <StackTrace>   at Test.BettleTest.testTest() in C:\Users\sc\Desktop\ZZZFixed\ZicZacZappp\Test\BettleTest.cs:line 99
</StackTrace>
        </ErrorInfo>
      </Output>
    </UnitTestResult>
  </Results>
</TestRun>