<?xml version="1.0" encoding="UTF-8"?>
<TestRun id="be4d0166-a060-437c-81d0-4da4d5a3f8cb" name="sc@ROSSARIN-PC 2012-10-25 12:18:59" runUser="ROSSARIN-PC\sc" xmlns="http://microsoft.com/schemas/VisualStudio/TeamTest/2010">
  <TestSettings name="Local" id="0572f25f-c57e-4c6e-9754-c1f826eec439">
    <Description>These are default test settings for a local test run.</Description>
    <Deployment enabled="false" runDeploymentRoot="sc_ROSSARIN-PC 2012-10-25 12_18_59">
      <DeploymentItem filename="C:\Users\sc\Desktop\ZZZFixed\ZicZacZappp\ZicZacZappp\bin\Debug\ZicZacZappp.exe" />
    </Deployment>
    <Execution>
      <TestTypeSpecific />
      <AgentRule name="Execution Agents">
      </AgentRule>
    </Execution>
  </TestSettings>
  <Times creation="2012-10-25T12:18:59.5678227+07:00" queuing="2012-10-25T12:19:00.9519019+07:00" start="2012-10-25T12:19:01.2319179+07:00" finish="2012-10-25T12:19:03.3810408+07:00" />
  <ResultSummary outcome="Failed">
    <Counters total="1" executed="1" error="0" failed="1" timeout="0" aborted="0" inconclusive="0" passedButRunAborted="0" notRunnable="0" notExecuted="0" disconnected="0" warning="0" passed="0" completed="0" inProgress="0" pending="0" />
  </ResultSummary>
  <TestDefinitions>
    <UnitTest name="TestCheckForWin" storage="c:\users\sc\desktop\zzzfixed\ziczaczappp\test\bin\debug\test.dll" id="027f43f5-91ca-62d5-259f-a562ede63bf1">
      <Execution id="8864ce5d-d6d7-4b4d-8486-27c54e7f4f18" />
      <TestMethod codeBase="C:/Users/sc/Desktop/ZZZFixed/ZicZacZappp/Test/bin/Debug/Test.DLL" adapterTypeName="Microsoft.VisualStudio.TestTools.TestTypes.Unit.UnitTestAdapter, Microsoft.VisualStudio.QualityTools.Tips.UnitTest.Adapter, Version=10.0.0.0, Culture=neutral, PublicKeyToken=b03f5f7f11d50a3a" className="Test.UnitTest1, Test, Version=1.0.0.0, Culture=neutral, PublicKeyToken=null" name="TestCheckForWin" />
    </UnitTest>
  </TestDefinitions>
  <TestLists>
    <TestList name="Results Not in a List" id="8c84fa94-04c1-424b-9868-57a2d4851a1d" />
    <TestList name="All Loaded Results" id="19431567-8539-422a-85d7-44ee4e166bda" />
  </TestLists>
  <TestEntries>
    <TestEntry testId="027f43f5-91ca-62d5-259f-a562ede63bf1" executionId="8864ce5d-d6d7-4b4d-8486-27c54e7f4f18" testListId="8c84fa94-04c1-424b-9868-57a2d4851a1d" />
  </TestEntries>
  <Results>
    <UnitTestResult executionId="8864ce5d-d6d7-4b4d-8486-27c54e7f4f18" testId="027f43f5-91ca-62d5-259f-a562ede63bf1" testName="TestCheckForWin" computerName="ROSSARIN-PC" duration="00:00:00.4571673" startTime="2012-10-25T12:19:01.5629368+07:00" endTime="2012-10-25T12:19:03.2580338+07:00" testType="13cdc9d9-ddb5-4fa4-a97d-d965ccfc6d4b" outcome="Failed" testListId="8c84fa94-04c1-424b-9868-57a2d4851a1d" relativeResultsDirectory="8864ce5d-d6d7-4b4d-8486-27c54e7f4f18">
      <Output>
        <ErrorInfo>
          <Message>Assert.AreEqual failed. Expected:&lt;True&gt;. Actual:&lt;False&gt;. </Message>
          <StackTrace>   at Test.UnitTest1.TestCheckForWin() in C:\Users\sc\Desktop\ZZZFixed\ZicZacZappp\Test\UnitTest1.cs:line 18
</StackTrace>
        </ErrorInfo>
      </Output>
    </UnitTestResult>
  </Results>
</TestRun>