<?xml version="1.0" encoding="UTF-8"?>
<TestRun id="4b411f2e-8b9a-48a5-b33f-8c4b982aeb5f" name="sc@ROSSARIN-PC 2012-10-25 12:35:57" runUser="ROSSARIN-PC\sc" xmlns="http://microsoft.com/schemas/VisualStudio/TeamTest/2010">
  <TestSettings name="Local" id="0572f25f-c57e-4c6e-9754-c1f826eec439">
    <Description>These are default test settings for a local test run.</Description>
    <Deployment enabled="false" runDeploymentRoot="sc_ROSSARIN-PC 2012-10-25 12_35_57">
      <DeploymentItem filename="C:\Users\sc\Desktop\ZZZFixed\ZicZacZappp\ZicZacZappp\bin\Debug\ZicZacZappp.exe" />
    </Deployment>
    <Execution>
      <TestTypeSpecific />
      <AgentRule name="Execution Agents">
      </AgentRule>
    </Execution>
  </TestSettings>
  <Times creation="2012-10-25T12:35:57.9230693+07:00" queuing="2012-10-25T12:35:59.0281325+07:00" start="2012-10-25T12:35:59.0501337+07:00" finish="2012-10-25T12:35:59.6221665+07:00" />
  <ResultSummary outcome="Completed">
    <Counters total="1" executed="1" passed="1" error="0" failed="0" timeout="0" aborted="0" inconclusive="0" passedButRunAborted="0" notRunnable="0" notExecuted="0" disconnected="0" warning="0" completed="0" inProgress="0" pending="0" />
  </ResultSummary>
  <TestDefinitions>
    <UnitTest name="testTest" storage="c:\users\sc\desktop\zzzfixed\ziczaczappp\test\bin\debug\test.dll" id="85ec7957-5beb-c2be-5132-a9ea1ee9a12a">
      <Execution id="b47571fc-a8f5-47f6-8c6a-6c1936774c94" />
      <TestMethod codeBase="C:/Users/sc/Desktop/ZZZFixed/ZicZacZappp/Test/bin/Debug/Test.DLL" adapterTypeName="Microsoft.VisualStudio.TestTools.TestTypes.Unit.UnitTestAdapter, Microsoft.VisualStudio.QualityTools.Tips.UnitTest.Adapter, Version=10.0.0.0, Culture=neutral, PublicKeyToken=b03f5f7f11d50a3a" className="Test.BettleTest, Test, Version=1.0.0.0, Culture=neutral, PublicKeyToken=null" name="testTest" />
    </UnitTest>
  </TestDefinitions>
  <TestLists>
    <TestList name="Results Not in a List" id="8c84fa94-04c1-424b-9868-57a2d4851a1d" />
    <TestList name="All Loaded Results" id="19431567-8539-422a-85d7-44ee4e166bda" />
  </TestLists>
  <TestEntries>
    <TestEntry testId="85ec7957-5beb-c2be-5132-a9ea1ee9a12a" executionId="b47571fc-a8f5-47f6-8c6a-6c1936774c94" testListId="8c84fa94-04c1-424b-9868-57a2d4851a1d" />
  </TestEntries>
  <Results>
    <UnitTestResult executionId="b47571fc-a8f5-47f6-8c6a-6c1936774c94" testId="85ec7957-5beb-c2be-5132-a9ea1ee9a12a" testName="testTest" computerName="ROSSARIN-PC" duration="00:00:00.0613335" startTime="2012-10-25T12:35:59.0661347+07:00" endTime="2012-10-25T12:35:59.5471622+07:00" testType="13cdc9d9-ddb5-4fa4-a97d-d965ccfc6d4b" outcome="Passed" testListId="8c84fa94-04c1-424b-9868-57a2d4851a1d" relativeResultsDirectory="b47571fc-a8f5-47f6-8c6a-6c1936774c94">
    </UnitTestResult>
  </Results>
</TestRun>