<?xml version="1.0" encoding="UTF-8"?>
<TestRun id="9da490ca-6647-47a3-b13b-b3f177ba16ff" name="sc@ROSSARIN-PC 2012-10-26 11:44:27" runUser="ROSSARIN-PC\sc" xmlns="http://microsoft.com/schemas/VisualStudio/TeamTest/2010">
  <TestSettings name="Local" id="0572f25f-c57e-4c6e-9754-c1f826eec439">
    <Description>These are default test settings for a local test run.</Description>
    <Deployment enabled="false" runDeploymentRoot="sc_ROSSARIN-PC 2012-10-26 11_44_27">
      <DeploymentItem filename="C:\Users\sc\Desktop\ZZZFixed\ZicZacZappp\ZicZacZappp\bin\Debug\ZicZacZappp.exe" />
    </Deployment>
    <Execution>
      <TestTypeSpecific />
      <AgentRule name="Execution Agents">
      </AgentRule>
    </Execution>
  </TestSettings>
  <Times creation="2012-10-26T11:44:27.7651456+07:00" queuing="2012-10-26T11:44:28.6851983+07:00" start="2012-10-26T11:44:28.7081996+07:00" finish="2012-10-26T11:44:29.3912386+07:00" />
  <ResultSummary outcome="Failed">
    <Counters total="1" executed="1" error="0" failed="1" timeout="0" aborted="0" inconclusive="0" passedButRunAborted="0" notRunnable="0" notExecuted="0" disconnected="0" warning="0" passed="0" completed="0" inProgress="0" pending="0" />
  </ResultSummary>
  <TestDefinitions>
    <UnitTest name="CheckForWinTest1" storage="c:\users\sc\desktop\zzzfixed\ziczaczappp\test\bin\debug\test.dll" id="ea09c04b-a50d-c420-004d-7e4ff14fd8f4">
      <Execution id="858fcc52-25b3-4ffa-a330-cac5b5edf5da" />
      <TestMethod codeBase="C:/Users/sc/Desktop/ZZZFixed/ZicZacZappp/Test/bin/Debug/Test.DLL" adapterTypeName="Microsoft.VisualStudio.TestTools.TestTypes.Unit.UnitTestAdapter, Microsoft.VisualStudio.QualityTools.Tips.UnitTest.Adapter, Version=10.0.0.0, Culture=neutral, PublicKeyToken=b03f5f7f11d50a3a" className="Test.Bettle4Test, Test, Version=1.0.0.0, Culture=neutral, PublicKeyToken=null" name="CheckForWinTest1" />
    </UnitTest>
  </TestDefinitions>
  <TestLists>
    <TestList name="Results Not in a List" id="8c84fa94-04c1-424b-9868-57a2d4851a1d" />
    <TestList name="All Loaded Results" id="19431567-8539-422a-85d7-44ee4e166bda" />
  </TestLists>
  <TestEntries>
    <TestEntry testId="ea09c04b-a50d-c420-004d-7e4ff14fd8f4" executionId="858fcc52-25b3-4ffa-a330-cac5b5edf5da" testListId="8c84fa94-04c1-424b-9868-57a2d4851a1d" />
  </TestEntries>
  <Results>
    <UnitTestResult executionId="858fcc52-25b3-4ffa-a330-cac5b5edf5da" testId="ea09c04b-a50d-c420-004d-7e4ff14fd8f4" testName="CheckForWinTest1" computerName="ROSSARIN-PC" duration="00:00:00.1560344" startTime="2012-10-26T11:44:28.8002048+07:00" endTime="2012-10-26T11:44:29.3572367+07:00" testType="13cdc9d9-ddb5-4fa4-a97d-d965ccfc6d4b" outcome="Failed" testListId="8c84fa94-04c1-424b-9868-57a2d4851a1d" relativeResultsDirectory="858fcc52-25b3-4ffa-a330-cac5b5edf5da">
      <Output>
        <ErrorInfo>
          <Message>Test method Test.Bettle4Test.CheckForWinTest1 threw exception: 
System.IO.FileNotFoundException: Please be sure a sound file exists at the specified location.</Message>
          <StackTrace>    at System.Media.SoundPlayer.ValidateSoundFile(String fileName)
   at System.Media.SoundPlayer.LoadAndPlay(Int32 flags)
   at System.Media.SoundPlayer.Play()
   at ZicZacZappp.Bettle4.winnerO() in C:\Users\sc\Desktop\ZZZFixed\ZicZacZappp\ZicZacZappp\Bettle4.cs:line 76
   at ZicZacZappp.Bettle4.CheckForWin(String[] array) in C:\Users\sc\Desktop\ZZZFixed\ZicZacZappp\ZicZacZappp\Bettle4.cs:line 803
   at Test.Bettle4Test.CheckForWinTest1() in C:\Users\sc\Desktop\ZZZFixed\ZicZacZappp\Test\Bettle4Test.cs:line 80
</StackTrace>
        </ErrorInfo>
      </Output>
    </UnitTestResult>
  </Results>
</TestRun>