<?xml version="1.0" encoding="UTF-8"?>
<TestRun id="26491ef7-b32c-4f1f-ade2-1c022d46cb22" name="sc@ROSSARIN-PC 2012-10-26 11:52:01" runUser="ROSSARIN-PC\sc" xmlns="http://microsoft.com/schemas/VisualStudio/TeamTest/2010">
  <TestSettings name="Local" id="0572f25f-c57e-4c6e-9754-c1f826eec439">
    <Description>These are default test settings for a local test run.</Description>
    <Deployment enabled="false" runDeploymentRoot="sc_ROSSARIN-PC 2012-10-26 11_52_01">
      <DeploymentItem filename="C:\Users\sc\Desktop\ZZZFixed\ZicZacZappp\ZicZacZappp\bin\Debug\ZicZacZappp.exe" />
    </Deployment>
    <Execution>
      <TestTypeSpecific />
      <AgentRule name="Execution Agents">
      </AgentRule>
    </Execution>
  </TestSettings>
  <Times creation="2012-10-26T11:52:01.1180759+07:00" queuing="2012-10-26T11:52:02.0101270+07:00" start="2012-10-26T11:52:02.0391286+07:00" finish="2012-10-26T11:52:04.2652559+07:00" />
  <ResultSummary outcome="Completed">
    <Counters total="1" executed="1" passed="1" error="0" failed="0" timeout="0" aborted="0" inconclusive="0" passedButRunAborted="0" notRunnable="0" notExecuted="0" disconnected="0" warning="0" completed="0" inProgress="0" pending="0" />
  </ResultSummary>
  <TestDefinitions>
    <UnitTest name="CheckForWinTest" storage="c:\users\sc\desktop\zzzfixed\ziczaczappp\test\bin\debug\test.dll" id="08a37091-b209-64d4-716e-6876b85d57a8">
      <Execution id="4884761d-b4fd-4bb9-861d-5a9398b27b1e" />
      <TestMethod codeBase="C:/Users/sc/Desktop/ZZZFixed/ZicZacZappp/Test/bin/Debug/Test.DLL" adapterTypeName="Microsoft.VisualStudio.TestTools.TestTypes.Unit.UnitTestAdapter, Microsoft.VisualStudio.QualityTools.Tips.UnitTest.Adapter, Version=10.0.0.0, Culture=neutral, PublicKeyToken=b03f5f7f11d50a3a" className="Test.Bettle5Test, Test, Version=1.0.0.0, Culture=neutral, PublicKeyToken=null" name="CheckForWinTest" />
    </UnitTest>
  </TestDefinitions>
  <TestLists>
    <TestList name="Results Not in a List" id="8c84fa94-04c1-424b-9868-57a2d4851a1d" />
    <TestList name="All Loaded Results" id="19431567-8539-422a-85d7-44ee4e166bda" />
  </TestLists>
  <TestEntries>
    <TestEntry testId="08a37091-b209-64d4-716e-6876b85d57a8" executionId="4884761d-b4fd-4bb9-861d-5a9398b27b1e" testListId="8c84fa94-04c1-424b-9868-57a2d4851a1d" />
  </TestEntries>
  <Results>
    <UnitTestResult executionId="4884761d-b4fd-4bb9-861d-5a9398b27b1e" testId="08a37091-b209-64d4-716e-6876b85d57a8" testName="CheckForWinTest" computerName="ROSSARIN-PC" duration="00:00:01.3584762" startTime="2012-10-26T11:52:02.2211390+07:00" endTime="2012-10-26T11:52:04.1022466+07:00" testType="13cdc9d9-ddb5-4fa4-a97d-d965ccfc6d4b" outcome="Passed" testListId="8c84fa94-04c1-424b-9868-57a2d4851a1d" relativeResultsDirectory="4884761d-b4fd-4bb9-861d-5a9398b27b1e">
    </UnitTestResult>
  </Results>
</TestRun>