<?xml version="1.0" encoding="UTF-8"?>
<TestRun id="a1de5db7-cdc5-4671-a790-4cb403be61f0" name="sc@ROSSARIN-PC 2012-10-26 11:54:43" runUser="ROSSARIN-PC\sc" xmlns="http://microsoft.com/schemas/VisualStudio/TeamTest/2010">
  <TestSettings name="Local" id="0572f25f-c57e-4c6e-9754-c1f826eec439">
    <Description>These are default test settings for a local test run.</Description>
    <Deployment enabled="false" runDeploymentRoot="sc_ROSSARIN-PC 2012-10-26 11_54_43">
      <DeploymentItem filename="C:\Users\sc\Desktop\ZZZFixed\ZicZacZappp\ZicZacZappp\bin\Debug\ZicZacZappp.exe" />
    </Deployment>
    <Execution>
      <TestTypeSpecific />
      <AgentRule name="Execution Agents">
      </AgentRule>
    </Execution>
  </TestSettings>
  <Times creation="2012-10-26T11:54:43.1363428+07:00" queuing="2012-10-26T11:54:44.2174047+07:00" start="2012-10-26T11:54:44.3264109+07:00" finish="2012-10-26T11:54:47.0135646+07:00" />
  <ResultSummary outcome="Failed">
    <Counters total="1" executed="1" error="0" failed="1" timeout="0" aborted="0" inconclusive="0" passedButRunAborted="0" notRunnable="0" notExecuted="0" disconnected="0" warning="0" passed="0" completed="0" inProgress="0" pending="0" />
  </ResultSummary>
  <TestDefinitions>
    <UnitTest name="CheckForWinTest4" storage="c:\users\sc\desktop\zzzfixed\ziczaczappp\test\bin\debug\test.dll" id="395dda8f-1e62-d108-0476-87095ee1ff30">
      <Execution id="37d27440-7dc4-49db-82e1-b9f4b8a7ab84" />
      <TestMethod codeBase="C:/Users/sc/Desktop/ZZZFixed/ZicZacZappp/Test/bin/Debug/Test.DLL" adapterTypeName="Microsoft.VisualStudio.TestTools.TestTypes.Unit.UnitTestAdapter, Microsoft.VisualStudio.QualityTools.Tips.UnitTest.Adapter, Version=10.0.0.0, Culture=neutral, PublicKeyToken=b03f5f7f11d50a3a" className="Test.Bettle5Test, Test, Version=1.0.0.0, Culture=neutral, PublicKeyToken=null" name="CheckForWinTest4" />
    </UnitTest>
  </TestDefinitions>
  <TestLists>
    <TestList name="Results Not in a List" id="8c84fa94-04c1-424b-9868-57a2d4851a1d" />
    <TestList name="All Loaded Results" id="19431567-8539-422a-85d7-44ee4e166bda" />
  </TestLists>
  <TestEntries>
    <TestEntry testId="395dda8f-1e62-d108-0476-87095ee1ff30" executionId="37d27440-7dc4-49db-82e1-b9f4b8a7ab84" testListId="8c84fa94-04c1-424b-9868-57a2d4851a1d" />
  </TestEntries>
  <Results>
    <UnitTestResult executionId="37d27440-7dc4-49db-82e1-b9f4b8a7ab84" testId="395dda8f-1e62-d108-0476-87095ee1ff30" testName="CheckForWinTest4" computerName="ROSSARIN-PC" duration="00:00:02.0809582" startTime="2012-10-26T11:54:44.5224221+07:00" endTime="2012-10-26T11:54:46.9445607+07:00" testType="13cdc9d9-ddb5-4fa4-a97d-d965ccfc6d4b" outcome="Failed" testListId="8c84fa94-04c1-424b-9868-57a2d4851a1d" relativeResultsDirectory="37d27440-7dc4-49db-82e1-b9f4b8a7ab84">
      <Output>
        <ErrorInfo>
          <Message>Assert.AreEqual failed. Expected:&lt;False&gt;. Actual:&lt;True&gt;. </Message>
          <StackTrace>   at Test.Bettle5Test.CheckForWinTest4() in C:\Users\sc\Desktop\ZZZFixed\ZicZacZappp\Test\Bettle5Test.cs:line 126
</StackTrace>
        </ErrorInfo>
      </Output>
    </UnitTestResult>
  </Results>
</TestRun>