<?xml version="1.0" encoding="UTF-8"?>
<TestRun id="f1716d55-9eff-4d68-bee8-d0f706b31714" name="sc@ROSSARIN-PC 2012-10-26 11:55:09" runUser="ROSSARIN-PC\sc" xmlns="http://microsoft.com/schemas/VisualStudio/TeamTest/2010">
  <TestSettings name="Local" id="0572f25f-c57e-4c6e-9754-c1f826eec439">
    <Description>These are default test settings for a local test run.</Description>
    <Deployment enabled="false" runDeploymentRoot="sc_ROSSARIN-PC 2012-10-26 11_55_09">
      <DeploymentItem filename="C:\Users\sc\Desktop\ZZZFixed\ZicZacZappp\ZicZacZappp\bin\Debug\ZicZacZappp.exe" />
    </Deployment>
    <Execution>
      <TestTypeSpecific />
      <AgentRule name="Execution Agents">
      </AgentRule>
    </Execution>
  </TestSettings>
  <Times creation="2012-10-26T11:55:09.9608771+07:00" queuing="2012-10-26T11:55:10.8859300+07:00" start="2012-10-26T11:55:10.9439334+07:00" finish="2012-10-26T11:55:13.2410647+07:00" />
  <ResultSummary outcome="Completed">
    <Counters total="1" executed="1" passed="1" error="0" failed="0" timeout="0" aborted="0" inconclusive="0" passedButRunAborted="0" notRunnable="0" notExecuted="0" disconnected="0" warning="0" completed="0" inProgress="0" pending="0" />
  </ResultSummary>
  <TestDefinitions>
    <UnitTest name="CheckForWinTest4" storage="c:\users\sc\desktop\zzzfixed\ziczaczappp\test\bin\debug\test.dll" id="395dda8f-1e62-d108-0476-87095ee1ff30">
      <Execution id="7571d765-4d63-42d6-a8ef-82584f5137ae" />
      <TestMethod codeBase="C:/Users/sc/Desktop/ZZZFixed/ZicZacZappp/Test/bin/Debug/Test.DLL" adapterTypeName="Microsoft.VisualStudio.TestTools.TestTypes.Unit.UnitTestAdapter, Microsoft.VisualStudio.QualityTools.Tips.UnitTest.Adapter, Version=10.0.0.0, Culture=neutral, PublicKeyToken=b03f5f7f11d50a3a" className="Test.Bettle5Test, Test, Version=1.0.0.0, Culture=neutral, PublicKeyToken=null" name="CheckForWinTest4" />
    </UnitTest>
  </TestDefinitions>
  <TestLists>
    <TestList name="Results Not in a List" id="8c84fa94-04c1-424b-9868-57a2d4851a1d" />
    <TestList name="All Loaded Results" id="19431567-8539-422a-85d7-44ee4e166bda" />
  </TestLists>
  <TestEntries>
    <TestEntry testId="395dda8f-1e62-d108-0476-87095ee1ff30" executionId="7571d765-4d63-42d6-a8ef-82584f5137ae" testListId="8c84fa94-04c1-424b-9868-57a2d4851a1d" />
  </TestEntries>
  <Results>
    <UnitTestResult executionId="7571d765-4d63-42d6-a8ef-82584f5137ae" testId="395dda8f-1e62-d108-0476-87095ee1ff30" testName="CheckForWinTest4" computerName="ROSSARIN-PC" duration="00:00:01.6584620" startTime="2012-10-26T11:55:11.0669404+07:00" endTime="2012-10-26T11:55:13.1560599+07:00" testType="13cdc9d9-ddb5-4fa4-a97d-d965ccfc6d4b" outcome="Passed" testListId="8c84fa94-04c1-424b-9868-57a2d4851a1d" relativeResultsDirectory="7571d765-4d63-42d6-a8ef-82584f5137ae">
    </UnitTestResult>
  </Results>
</TestRun>