<?xml version="1.0" encoding="UTF-8"?>
<TestRun id="9570977f-ca51-4cd0-8dde-98cdd88008fd" name="sc@ROSSARIN-PC 2012-10-26 10:48:42" runUser="ROSSARIN-PC\sc" xmlns="http://microsoft.com/schemas/VisualStudio/TeamTest/2010">
  <TestSettings name="Local" id="0572f25f-c57e-4c6e-9754-c1f826eec439">
    <Description>These are default test settings for a local test run.</Description>
    <Deployment enabled="false" runDeploymentRoot="sc_ROSSARIN-PC 2012-10-26 10_48_42">
      <DeploymentItem filename="C:\Users\sc\Desktop\ZZZFixed\ZicZacZappp\ZicZacZappp\bin\Debug\ZicZacZappp.exe" />
    </Deployment>
    <Execution>
      <TestTypeSpecific />
      <AgentRule name="Execution Agents">
      </AgentRule>
    </Execution>
  </TestSettings>
  <Times creation="2012-10-26T10:48:42.8738288+07:00" queuing="2012-10-26T10:48:43.9288891+07:00" start="2012-10-26T10:48:44.0498961+07:00" finish="2012-10-26T10:48:44.5789263+07:00" />
  <ResultSummary outcome="Completed">
    <Counters total="1" executed="1" passed="1" error="0" failed="0" timeout="0" aborted="0" inconclusive="0" passedButRunAborted="0" notRunnable="0" notExecuted="0" disconnected="0" warning="0" completed="0" inProgress="0" pending="0" />
  </ResultSummary>
  <TestDefinitions>
    <UnitTest name="CheckForWinTest3" storage="c:\users\sc\desktop\zzzfixed\ziczaczappp\test\bin\debug\test.dll" id="3ffc995a-891b-dd6e-a3be-ece4b2911a85">
      <Execution id="4a8a7462-295c-449f-858b-1eecdf410a55" />
      <TestMethod codeBase="C:/Users/sc/Desktop/ZZZFixed/ZicZacZappp/Test/bin/Debug/Test.DLL" adapterTypeName="Microsoft.VisualStudio.TestTools.TestTypes.Unit.UnitTestAdapter, Microsoft.VisualStudio.QualityTools.Tips.UnitTest.Adapter, Version=10.0.0.0, Culture=neutral, PublicKeyToken=b03f5f7f11d50a3a" className="Test.BettleTest, Test, Version=1.0.0.0, Culture=neutral, PublicKeyToken=null" name="CheckForWinTest3" />
    </UnitTest>
  </TestDefinitions>
  <TestLists>
    <TestList name="Results Not in a List" id="8c84fa94-04c1-424b-9868-57a2d4851a1d" />
    <TestList name="All Loaded Results" id="19431567-8539-422a-85d7-44ee4e166bda" />
  </TestLists>
  <TestEntries>
    <TestEntry testId="3ffc995a-891b-dd6e-a3be-ece4b2911a85" executionId="4a8a7462-295c-449f-858b-1eecdf410a55" testListId="8c84fa94-04c1-424b-9868-57a2d4851a1d" />
  </TestEntries>
  <Results>
    <UnitTestResult executionId="4a8a7462-295c-449f-858b-1eecdf410a55" testId="3ffc995a-891b-dd6e-a3be-ece4b2911a85" testName="CheckForWinTest3" computerName="ROSSARIN-PC" duration="00:00:00.0824819" startTime="2012-10-26T10:48:44.1429014+07:00" endTime="2012-10-26T10:48:44.5509247+07:00" testType="13cdc9d9-ddb5-4fa4-a97d-d965ccfc6d4b" outcome="Passed" testListId="8c84fa94-04c1-424b-9868-57a2d4851a1d" relativeResultsDirectory="4a8a7462-295c-449f-858b-1eecdf410a55">
    </UnitTestResult>
  </Results>
</TestRun>