<?xml version="1.0" encoding="UTF-8"?>
<TestRun id="ca56057e-cb16-4b5c-90c8-e56849deec5c" name="sc@ROSSARIN-PC 2012-10-26 10:49:07" runUser="ROSSARIN-PC\sc" xmlns="http://microsoft.com/schemas/VisualStudio/TeamTest/2010">
  <TestSettings name="Local" id="0572f25f-c57e-4c6e-9754-c1f826eec439">
    <Description>These are default test settings for a local test run.</Description>
    <Deployment enabled="false" runDeploymentRoot="sc_ROSSARIN-PC 2012-10-26 10_49_07">
      <DeploymentItem filename="C:\Users\sc\Desktop\ZZZFixed\ZicZacZappp\ZicZacZappp\bin\Debug\ZicZacZappp.exe" />
    </Deployment>
    <Execution>
      <TestTypeSpecific />
      <AgentRule name="Execution Agents">
      </AgentRule>
    </Execution>
  </TestSettings>
  <Times creation="2012-10-26T10:49:07.9722643+07:00" queuing="2012-10-26T10:49:09.0533262+07:00" start="2012-10-26T10:49:09.1363309+07:00" finish="2012-10-26T10:49:15.8747163+07:00" />
  <ResultSummary outcome="Completed">
    <Counters total="3" executed="3" passed="3" error="0" failed="0" timeout="0" aborted="0" inconclusive="0" passedButRunAborted="0" notRunnable="0" notExecuted="0" disconnected="0" warning="0" completed="0" inProgress="0" pending="0" />
  </ResultSummary>
  <TestDefinitions>
    <UnitTest name="CheckForWinTest1" storage="c:\users\sc\desktop\zzzfixed\ziczaczappp\test\bin\debug\test.dll" id="b88cbc13-2807-10bb-6d11-8dd9fc746a0f">
      <Execution id="f8d9c468-81bb-48cf-a286-3395c154a769" />
      <TestMethod codeBase="C:/Users/sc/Desktop/ZZZFixed/ZicZacZappp/Test/bin/Debug/Test.DLL" adapterTypeName="Microsoft.VisualStudio.TestTools.TestTypes.Unit.UnitTestAdapter, Microsoft.VisualStudio.QualityTools.Tips.UnitTest.Adapter, Version=10.0.0.0, Culture=neutral, PublicKeyToken=b03f5f7f11d50a3a" className="Test.BettleTest, Test, Version=1.0.0.0, Culture=neutral, PublicKeyToken=null" name="CheckForWinTest1" />
    </UnitTest>
    <UnitTest name="CheckForWinTest2" storage="c:\users\sc\desktop\zzzfixed\ziczaczappp\test\bin\debug\test.dll" id="07077ad9-dd68-75f1-e5aa-f27ecf429ad7">
      <Execution id="973970b2-5bb2-42b8-9992-5b024e6b1246" />
      <TestMethod codeBase="C:/Users/sc/Desktop/ZZZFixed/ZicZacZappp/Test/bin/Debug/Test.DLL" adapterTypeName="Microsoft.VisualStudio.TestTools.TestTypes.Unit.UnitTestAdapter, Microsoft.VisualStudio.QualityTools.Tips.UnitTest.Adapter, Version=10.0.0.0, Culture=neutral, PublicKeyToken=b03f5f7f11d50a3a" className="Test.BettleTest, Test, Version=1.0.0.0, Culture=neutral, PublicKeyToken=null" name="CheckForWinTest2" />
    </UnitTest>
    <UnitTest name="CheckForWinTest3" storage="c:\users\sc\desktop\zzzfixed\ziczaczappp\test\bin\debug\test.dll" id="3ffc995a-891b-dd6e-a3be-ece4b2911a85">
      <Execution id="5396ab27-1ad3-4e4d-b340-0a2e9060eac5" />
      <TestMethod codeBase="C:/Users/sc/Desktop/ZZZFixed/ZicZacZappp/Test/bin/Debug/Test.DLL" adapterTypeName="Microsoft.VisualStudio.TestTools.TestTypes.Unit.UnitTestAdapter, Microsoft.VisualStudio.QualityTools.Tips.UnitTest.Adapter, Version=10.0.0.0, Culture=neutral, PublicKeyToken=b03f5f7f11d50a3a" className="Test.BettleTest, Test, Version=1.0.0.0, Culture=neutral, PublicKeyToken=null" name="CheckForWinTest3" />
    </UnitTest>
  </TestDefinitions>
  <TestLists>
    <TestList name="Results Not in a List" id="8c84fa94-04c1-424b-9868-57a2d4851a1d" />
    <TestList name="All Loaded Results" id="19431567-8539-422a-85d7-44ee4e166bda" />
  </TestLists>
  <TestEntries>
    <TestEntry testId="07077ad9-dd68-75f1-e5aa-f27ecf429ad7" executionId="973970b2-5bb2-42b8-9992-5b024e6b1246" testListId="8c84fa94-04c1-424b-9868-57a2d4851a1d" />
    <TestEntry testId="3ffc995a-891b-dd6e-a3be-ece4b2911a85" executionId="5396ab27-1ad3-4e4d-b340-0a2e9060eac5" testListId="8c84fa94-04c1-424b-9868-57a2d4851a1d" />
    <TestEntry testId="b88cbc13-2807-10bb-6d11-8dd9fc746a0f" executionId="f8d9c468-81bb-48cf-a286-3395c154a769" testListId="8c84fa94-04c1-424b-9868-57a2d4851a1d" />
  </TestEntries>
  <Results>
    <UnitTestResult executionId="973970b2-5bb2-42b8-9992-5b024e6b1246" testId="07077ad9-dd68-75f1-e5aa-f27ecf429ad7" testName="CheckForWinTest2" computerName="ROSSARIN-PC" duration="00:00:06.0145507" startTime="2012-10-26T10:49:09.2463372+07:00" endTime="2012-10-26T10:49:15.6217019+07:00" testType="13cdc9d9-ddb5-4fa4-a97d-d965ccfc6d4b" outcome="Passed" testListId="8c84fa94-04c1-424b-9868-57a2d4851a1d" relativeResultsDirectory="973970b2-5bb2-42b8-9992-5b024e6b1246">
    </UnitTestResult>
    <UnitTestResult executionId="5396ab27-1ad3-4e4d-b340-0a2e9060eac5" testId="3ffc995a-891b-dd6e-a3be-ece4b2911a85" testName="CheckForWinTest3" computerName="ROSSARIN-PC" duration="00:00:00.0402415" startTime="2012-10-26T10:49:15.6387028+07:00" endTime="2012-10-26T10:49:15.6987063+07:00" testType="13cdc9d9-ddb5-4fa4-a97d-d965ccfc6d4b" outcome="Passed" testListId="8c84fa94-04c1-424b-9868-57a2d4851a1d" relativeResultsDirectory="5396ab27-1ad3-4e4d-b340-0a2e9060eac5">
    </UnitTestResult>
    <UnitTestResult executionId="f8d9c468-81bb-48cf-a286-3395c154a769" testId="b88cbc13-2807-10bb-6d11-8dd9fc746a0f" testName="CheckForWinTest1" computerName="ROSSARIN-PC" duration="00:00:00.0261674" startTime="2012-10-26T10:49:15.7217076+07:00" endTime="2012-10-26T10:49:15.7637100+07:00" testType="13cdc9d9-ddb5-4fa4-a97d-d965ccfc6d4b" outcome="Passed" testListId="8c84fa94-04c1-424b-9868-57a2d4851a1d" relativeResultsDirectory="f8d9c468-81bb-48cf-a286-3395c154a769">
    </UnitTestResult>
  </Results>
</TestRun>