<?xml version="1.0" encoding="UTF-8"?>
<TestRun id="cb29e8af-1018-4d6b-8633-d1e07f58b478" name="sc@ROSSARIN-PC 2012-10-26 10:48:21" runUser="ROSSARIN-PC\sc" xmlns="http://microsoft.com/schemas/VisualStudio/TeamTest/2010">
  <TestSettings name="Local" id="0572f25f-c57e-4c6e-9754-c1f826eec439">
    <Description>These are default test settings for a local test run.</Description>
    <Deployment enabled="false" runDeploymentRoot="sc_ROSSARIN-PC 2012-10-26 10_48_21">
      <DeploymentItem filename="C:\Users\sc\Desktop\ZZZFixed\ZicZacZappp\ZicZacZappp\bin\Debug\ZicZacZappp.exe" />
    </Deployment>
    <Execution>
      <TestTypeSpecific />
      <AgentRule name="Execution Agents">
      </AgentRule>
    </Execution>
  </TestSettings>
  <Times creation="2012-10-26T10:48:21.4356026+07:00" queuing="2012-10-26T10:48:22.4946632+07:00" start="2012-10-26T10:48:22.5216647+07:00" finish="2012-10-26T10:48:23.1256993+07:00" />
  <ResultSummary outcome="Completed">
    <Counters total="1" executed="1" passed="1" error="0" failed="0" timeout="0" aborted="0" inconclusive="0" passedButRunAborted="0" notRunnable="0" notExecuted="0" disconnected="0" warning="0" completed="0" inProgress="0" pending="0" />
  </ResultSummary>
  <TestDefinitions>
    <UnitTest name="CheckForWinTest1" storage="c:\users\sc\desktop\zzzfixed\ziczaczappp\test\bin\debug\test.dll" id="b88cbc13-2807-10bb-6d11-8dd9fc746a0f">
      <Execution id="a43eaaa1-1af7-4648-b12a-f2fbb8cab77b" />
      <TestMethod codeBase="C:/Users/sc/Desktop/ZZZFixed/ZicZacZappp/Test/bin/Debug/Test.DLL" adapterTypeName="Microsoft.VisualStudio.TestTools.TestTypes.Unit.UnitTestAdapter, Microsoft.VisualStudio.QualityTools.Tips.UnitTest.Adapter, Version=10.0.0.0, Culture=neutral, PublicKeyToken=b03f5f7f11d50a3a" className="Test.BettleTest, Test, Version=1.0.0.0, Culture=neutral, PublicKeyToken=null" name="CheckForWinTest1" />
    </UnitTest>
  </TestDefinitions>
  <TestLists>
    <TestList name="Results Not in a List" id="8c84fa94-04c1-424b-9868-57a2d4851a1d" />
    <TestList name="All Loaded Results" id="19431567-8539-422a-85d7-44ee4e166bda" />
  </TestLists>
  <TestEntries>
    <TestEntry testId="b88cbc13-2807-10bb-6d11-8dd9fc746a0f" executionId="a43eaaa1-1af7-4648-b12a-f2fbb8cab77b" testListId="8c84fa94-04c1-424b-9868-57a2d4851a1d" />
  </TestEntries>
  <Results>
    <UnitTestResult executionId="a43eaaa1-1af7-4648-b12a-f2fbb8cab77b" testId="b88cbc13-2807-10bb-6d11-8dd9fc746a0f" testName="CheckForWinTest1" computerName="ROSSARIN-PC" duration="00:00:00.0665845" startTime="2012-10-26T10:48:22.5306652+07:00" endTime="2012-10-26T10:48:23.0676959+07:00" testType="13cdc9d9-ddb5-4fa4-a97d-d965ccfc6d4b" outcome="Passed" testListId="8c84fa94-04c1-424b-9868-57a2d4851a1d" relativeResultsDirectory="a43eaaa1-1af7-4648-b12a-f2fbb8cab77b">
    </UnitTestResult>
  </Results>
</TestRun>