<?xml version="1.0" encoding="UTF-8"?>
<TestRun id="06a95bc9-aea0-4bc9-b7d3-23907714011c" name="sc@ROSSARIN-PC 2012-10-26 11:02:21" runUser="ROSSARIN-PC\sc" xmlns="http://microsoft.com/schemas/VisualStudio/TeamTest/2010">
  <TestSettings name="Local" id="0572f25f-c57e-4c6e-9754-c1f826eec439">
    <Description>These are default test settings for a local test run.</Description>
    <Deployment enabled="false" runDeploymentRoot="sc_ROSSARIN-PC 2012-10-26 11_02_21">
      <DeploymentItem filename="C:\Users\sc\Desktop\ZZZFixed\ZicZacZappp\ZicZacZappp\bin\Debug\ZicZacZappp.exe" />
    </Deployment>
    <Execution>
      <TestTypeSpecific />
      <AgentRule name="Execution Agents">
      </AgentRule>
    </Execution>
  </TestSettings>
  <Times creation="2012-10-26T11:02:21.7016631+07:00" queuing="2012-10-26T11:02:22.6327163+07:00" start="2012-10-26T11:02:22.6687184+07:00" finish="2012-10-26T11:02:25.9209044+07:00" />
  <ResultSummary outcome="Completed">
    <Counters total="1" executed="1" passed="1" error="0" failed="0" timeout="0" aborted="0" inconclusive="0" passedButRunAborted="0" notRunnable="0" notExecuted="0" disconnected="0" warning="0" completed="0" inProgress="0" pending="0" />
  </ResultSummary>
  <TestDefinitions>
    <UnitTest name="CheckForWinTest4" storage="c:\users\sc\desktop\zzzfixed\ziczaczappp\test\bin\debug\test.dll" id="1cf34a66-636a-f39b-9fac-14043ab7ba3c">
      <Execution id="25ea02bf-a2dc-4704-84f0-a74230df3b79" />
      <TestMethod codeBase="C:/Users/sc/Desktop/ZZZFixed/ZicZacZappp/Test/bin/Debug/Test.DLL" adapterTypeName="Microsoft.VisualStudio.TestTools.TestTypes.Unit.UnitTestAdapter, Microsoft.VisualStudio.QualityTools.Tips.UnitTest.Adapter, Version=10.0.0.0, Culture=neutral, PublicKeyToken=b03f5f7f11d50a3a" className="Test.BettleTest, Test, Version=1.0.0.0, Culture=neutral, PublicKeyToken=null" name="CheckForWinTest4" />
    </UnitTest>
  </TestDefinitions>
  <TestLists>
    <TestList name="Results Not in a List" id="8c84fa94-04c1-424b-9868-57a2d4851a1d" />
    <TestList name="All Loaded Results" id="19431567-8539-422a-85d7-44ee4e166bda" />
  </TestLists>
  <TestEntries>
    <TestEntry testId="1cf34a66-636a-f39b-9fac-14043ab7ba3c" executionId="25ea02bf-a2dc-4704-84f0-a74230df3b79" testListId="8c84fa94-04c1-424b-9868-57a2d4851a1d" />
  </TestEntries>
  <Results>
    <UnitTestResult executionId="25ea02bf-a2dc-4704-84f0-a74230df3b79" testId="1cf34a66-636a-f39b-9fac-14043ab7ba3c" testName="CheckForWinTest4" computerName="ROSSARIN-PC" duration="00:00:02.4796205" startTime="2012-10-26T11:02:22.7877252+07:00" endTime="2012-10-26T11:02:25.6338880+07:00" testType="13cdc9d9-ddb5-4fa4-a97d-d965ccfc6d4b" outcome="Passed" testListId="8c84fa94-04c1-424b-9868-57a2d4851a1d" relativeResultsDirectory="25ea02bf-a2dc-4704-84f0-a74230df3b79">
    </UnitTestResult>
  </Results>
</TestRun>